{"level":"\u001b[32minfo\u001b[39m","message":"{\"method\":\"POST\",\"url\":\"/v1/auth/signup\",\"status\":\"200\",\"responseTime\":\"2.514\"}","timestamp":"2025-02-13T08:10:54.226Z"}
{"level":"\u001b[32minfo\u001b[39m","message":"{\"method\":\"POST\",\"url\":\"/v1/auth/signup\",\"status\":\"200\",\"responseTime\":\"149.001\"}","timestamp":"2025-02-13T08:14:45.463Z"}
{"level":"\u001b[32minfo\u001b[39m","message":"{\"method\":\"POST\",\"url\":\"/v1/auth/signup\",\"status\":\"200\",\"responseTime\":\"257.902\"}","timestamp":"2025-02-13T08:15:40.509Z"}
{"level":"\u001b[32minfo\u001b[39m","message":"{\"method\":\"POST\",\"url\":\"/v1/auth/signup\",\"status\":\"201\",\"responseTime\":\"3617.938\"}","timestamp":"2025-02-13T08:29:24.678Z"}
{"level":"\u001b[32minfo\u001b[39m","message":"{\"method\":\"POST\",\"url\":\"/v1/auth/signup\",\"status\":\"400\",\"responseTime\":\"3568.906\"}","timestamp":"2025-02-13T08:36:07.590Z"}
{"level":"\u001b[32minfo\u001b[39m","message":"{\"method\":\"POST\",\"url\":\"/v1/auth/signup\",\"status\":\"400\",\"responseTime\":\"2339.460\"}","timestamp":"2025-02-13T08:36:53.745Z"}
{"level":"\u001b[32minfo\u001b[39m","message":"{\"method\":\"POST\",\"url\":\"/v1/auth/login\",\"status\":\"400\",\"responseTime\":\"3913.568\"}","timestamp":"2025-02-13T09:49:04.172Z"}
{"level":"\u001b[32minfo\u001b[39m","message":"{\"method\":\"POST\",\"url\":\"/v1/auth/login\",\"status\":\"400\",\"responseTime\":\"398.937\"}","timestamp":"2025-02-13T09:49:15.393Z"}
{"level":"\u001b[32minfo\u001b[39m","message":"{\"method\":\"POST\",\"url\":\"/v1/auth/login\",\"status\":\"200\",\"responseTime\":\"8.045\"}","timestamp":"2025-02-13T09:51:08.392Z"}
{"level":"\u001b[32minfo\u001b[39m","message":"{\"method\":\"POST\",\"url\":\"/v1/auth/login\",\"status\":\"200\",\"responseTime\":\"5.726\"}","timestamp":"2025-02-13T09:51:56.027Z"}
{"level":"\u001b[32minfo\u001b[39m","message":"{\"method\":\"POST\",\"url\":\"/v1/auth/login\",\"status\":\"200\",\"responseTime\":\"2476.397\"}","timestamp":"2025-02-13T09:52:53.743Z"}
{"level":"\u001b[32minfo\u001b[39m","message":"{\"method\":\"POST\",\"url\":\"/v1/auth/login\",\"status\":\"401\",\"responseTime\":\"582.740\"}","timestamp":"2025-02-13T09:54:17.101Z"}
{"level":"\u001b[32minfo\u001b[39m","message":"{\"method\":\"POST\",\"url\":\"/v1/auth/login\",\"status\":\"200\",\"responseTime\":\"351.670\"}","timestamp":"2025-02-13T09:54:23.758Z"}
{"level":"\u001b[32minfo\u001b[39m","message":"{\"method\":\"POST\",\"url\":\"/v1/auth/login\",\"status\":\"200\",\"responseTime\":\"3242.195\"}","timestamp":"2025-02-13T10:01:16.388Z"}
{"level":"\u001b[32minfo\u001b[39m","message":"{\"method\":\"POST\",\"url\":\"/v1/auth/login\",\"status\":\"200\",\"responseTime\":\"3667.428\"}","timestamp":"2025-02-14T05:04:43.973Z"}
{"level":"\u001b[32minfo\u001b[39m","message":"{\"method\":\"POST\",\"url\":\"/v1/auth/login\",\"status\":\"200\",\"responseTime\":\"3733.847\"}","timestamp":"2025-02-16T15:22:41.178Z"}
{"level":"\u001b[32minfo\u001b[39m","message":"{\"method\":\"POST\",\"url\":\"/v1/rooms/create\",\"status\":\"201\",\"responseTime\":\"2.511\"}","timestamp":"2025-02-16T15:23:27.233Z"}
{"level":"\u001b[32minfo\u001b[39m","message":"{\"method\":\"POST\",\"url\":\"/v1/rooms/create\",\"status\":\"201\",\"responseTime\":\"6.237\"}","timestamp":"2025-02-16T15:26:07.516Z"}
{"level":"\u001b[32minfo\u001b[39m","message":"{\"method\":\"POST\",\"url\":\"/v1/rooms/create\",\"status\":\"201\",\"responseTime\":\"4606.487\"}","timestamp":"2025-02-16T15:52:45.020Z"}
{"level":"\u001b[32minfo\u001b[39m","message":"{\"method\":\"POST\",\"url\":\"/v1/rooms/create\",\"status\":\"201\",\"responseTime\":\"4818.182\"}","timestamp":"2025-02-16T16:00:23.285Z"}
{"level":"\u001b[32minfo\u001b[39m","message":"{\"method\":\"GET\",\"url\":\"/v1/rooms/\",\"status\":\"200\",\"responseTime\":\"3402.950\"}","timestamp":"2025-02-16T16:11:53.085Z"}
{"level":"\u001b[32minfo\u001b[39m","message":"{\"method\":\"GET\",\"url\":\"/v1/rooms/157d930d-64cf-4d90-900b-bd88fc5e5c3a\",\"status\":\"200\",\"responseTime\":\"2597.552\"}","timestamp":"2025-02-16T16:15:31.345Z"}
{"level":"\u001b[32minfo\u001b[39m","message":"{\"method\":\"POST\",\"url\":\"/v1/join/157d930d-64cf-4d90-900b-bd88fc5e5c3a\",\"status\":\"404\",\"responseTime\":\"1.353\"}","timestamp":"2025-02-17T06:52:04.407Z"}
{"level":"\u001b[32minfo\u001b[39m","message":"{\"method\":\"POST\",\"url\":\"/v1/join/157d930d-64cf-4d90-900b-bd88fc5e5c3a\",\"status\":\"404\",\"responseTime\":\"0.314\"}","timestamp":"2025-02-17T06:52:05.768Z"}
{"level":"\u001b[32minfo\u001b[39m","message":"{\"method\":\"POST\",\"url\":\"/v1/create\",\"status\":\"404\",\"responseTime\":\"0.229\"}","timestamp":"2025-02-17T06:52:53.593Z"}
{"level":"\u001b[32minfo\u001b[39m","message":"{\"method\":\"POST\",\"url\":\"/v1/rooms/create\",\"status\":\"201\",\"responseTime\":\"5165.296\"}","timestamp":"2025-02-17T06:53:09.336Z"}
{"level":"\u001b[32minfo\u001b[39m","message":"{\"method\":\"POST\",\"url\":\"/v1/rooms/join/308ccf99-58bf-462b-b340-e140c49a8e54\",\"status\":\"400\",\"responseTime\":\"1214.871\"}","timestamp":"2025-02-17T06:53:39.078Z"}
{"level":"\u001b[32minfo\u001b[39m","message":"{\"method\":\"GET\",\"url\":\"/v1/auth/signup\",\"status\":\"404\",\"responseTime\":\"2.790\"}","timestamp":"2025-02-17T08:29:03.021Z"}
{"level":"\u001b[32minfo\u001b[39m","message":"{\"method\":\"POST\",\"url\":\"/v1/auth/signup\",\"status\":\"201\",\"responseTime\":\"4262.622\"}","timestamp":"2025-02-17T08:29:42.038Z"}
{"level":"\u001b[32minfo\u001b[39m","message":"{\"method\":\"POST\",\"url\":\"/v1/auth/login\",\"status\":\"200\",\"responseTime\":\"883.630\"}","timestamp":"2025-02-17T08:31:23.500Z"}
{"level":"\u001b[32minfo\u001b[39m","message":"{\"method\":\"POST\",\"url\":\"/v1/rooms/create\",\"status\":\"201\",\"responseTime\":\"2186.016\"}","timestamp":"2025-02-17T08:33:50.998Z"}
{"level":"\u001b[32minfo\u001b[39m","message":"{\"method\":\"POST\",\"url\":\"/v1/rooms/join/5458e9ca-325b-4e8a-bb36-c9d5e55b0dca\",\"status\":\"200\",\"responseTime\":\"4720.424\"}","timestamp":"2025-02-17T09:11:01.416Z"}
{"level":"\u001b[32minfo\u001b[39m","message":"{\"method\":\"POST\",\"url\":\"/v1/auth/login\",\"status\":\"200\",\"responseTime\":\"3375.713\"}","timestamp":"2025-02-17T16:40:53.308Z"}
{"level":"\u001b[32minfo\u001b[39m","message":"{\"method\":\"POST\",\"url\":\"/v1/rooms/5458e9ca-325b-4e8a-bb36-c9d5e55b0dca\",\"status\":\"404\",\"responseTime\":\"1.657\"}","timestamp":"2025-02-17T16:42:55.761Z"}
{"level":"\u001b[32minfo\u001b[39m","message":"{\"method\":\"POST\",\"url\":\"/v1/rooms/join/5458e9ca-325b-4e8a-bb36-c9d5e55b0dca\",\"status\":\"400\",\"responseTime\":\"1233.667\"}","timestamp":"2025-02-17T16:43:24.218Z"}
{"level":"\u001b[32minfo\u001b[39m","message":"{\"method\":\"POST\",\"url\":\"/v1/rooms/create\",\"status\":\"401\",\"responseTime\":\"0.268\"}","timestamp":"2025-02-17T16:43:48.775Z"}
{"level":"\u001b[32minfo\u001b[39m","message":"{\"method\":\"GET\",\"url\":\"/v1/rooms/\",\"status\":\"200\",\"responseTime\":\"3631.332\"}","timestamp":"2025-02-18T07:43:15.472Z"}
{"level":"\u001b[32minfo\u001b[39m","message":"{\"method\":\"GET\",\"url\":\"/v1/rooms/5458e9ca-325b-4e8a-bb36-c9d5e55b0dca\",\"status\":\"200\",\"responseTime\":\"771.658\"}","timestamp":"2025-02-18T07:44:19.971Z"}
{"level":"\u001b[32minfo\u001b[39m","message":"{\"method\":\"GET\",\"url\":\"/v1/rooms/\",\"status\":\"200\",\"responseTime\":\"489.182\"}","timestamp":"2025-02-18T07:44:36.521Z"}
{"level":"\u001b[32minfo\u001b[39m","message":"{\"method\":\"GET\",\"url\":\"/v1/rooms/5458e9ca-325b-4e8a-bb36-c9d5e55b0dca\",\"status\":\"401\",\"responseTime\":\"0.607\"}","timestamp":"2025-02-18T07:44:42.285Z"}
{"level":"\u001b[32minfo\u001b[39m","message":"{\"method\":\"GET\",\"url\":\"/v1/rooms/5458e9ca-325b-4e8a-bb36-c9d5e55b0dca\",\"status\":\"200\",\"responseTime\":\"488.817\"}","timestamp":"2025-02-18T07:45:54.501Z"}
{"level":"\u001b[32minfo\u001b[39m","message":"{\"method\":\"POST\",\"url\":\"/v1/rooms/join/5458e9ca-325b-4e8a-bb36-c9d5e55b0dca\",\"status\":\"400\",\"responseTime\":\"985.992\"}","timestamp":"2025-02-18T07:47:50.287Z"}
{"level":"\u001b[32minfo\u001b[39m","message":"{\"method\":\"POST\",\"url\":\"/v1/auth/login\",\"status\":\"200\",\"responseTime\":\"2387.945\"}","timestamp":"2025-02-18T07:49:04.291Z"}
{"level":"\u001b[32minfo\u001b[39m","message":"{\"method\":\"GET\",\"url\":\"/v1/rooms/\",\"status\":\"200\",\"responseTime\":\"753.040\"}","timestamp":"2025-02-18T07:49:21.579Z"}
{"level":"\u001b[32minfo\u001b[39m","message":"{\"method\":\"POST\",\"url\":\"/v1/rooms/join/157d930d-64cf-4d90-900b-bd88fc5e5c3a\",\"status\":\"200\",\"responseTime\":\"1774.364\"}","timestamp":"2025-02-18T07:49:43.710Z"}
{"level":"\u001b[32minfo\u001b[39m","message":"{\"method\":\"GET\",\"url\":\"/v1/rooms/157d930d-64cf-4d90-900b-bd88fc5e5c3a/requests\",\"status\":\"403\",\"responseTime\":\"754.702\"}","timestamp":"2025-02-18T07:52:53.037Z"}
{"level":"\u001b[32minfo\u001b[39m","message":"{\"method\":\"GET\",\"url\":\"/v1/rooms/157d930d-64cf-4d90-900b-bd88fc5e5c3a/requests\",\"status\":\"403\",\"responseTime\":\"503.845\"}","timestamp":"2025-02-18T07:53:42.742Z"}
{"level":"\u001b[32minfo\u001b[39m","message":"{\"method\":\"GET\",\"url\":\"/v1/rooms/157d930d-64cf-4d90-900b-bd88fc5e5c3a/requests\",\"status\":\"403\",\"responseTime\":\"2322.844\"}","timestamp":"2025-02-18T07:55:05.627Z"}
{"level":"\u001b[32minfo\u001b[39m","message":"{\"method\":\"GET\",\"url\":\"/v1/rooms/157d930d-64cf-4d90-900b-bd88fc5e5c3a/requests\",\"status\":\"200\",\"responseTime\":\"2741.033\"}","timestamp":"2025-02-18T07:55:31.335Z"}
{"level":"\u001b[32minfo\u001b[39m","message":"{\"method\":\"POST\",\"url\":\"/v1/auth/login\",\"status\":\"200\",\"responseTime\":\"3508.601\"}","timestamp":"2025-02-18T10:43:44.985Z"}
{"level":"\u001b[32minfo\u001b[39m","message":"{\"method\":\"POST\",\"url\":\"/v1/rooms/157d930d-64cf-4d90-900b-d88fc5e5c3a/requests/1aae0402-de7d-4903-a086-629a85d7c1ed/approve\",\"status\":\"403\",\"responseTime\":\"2158.584\"}","timestamp":"2025-02-18T10:47:20.195Z"}
{"level":"\u001b[32minfo\u001b[39m","message":"{\"method\":\"POST\",\"url\":\"/v1/rooms/157d930d-64cf-4d90-900b-bd88fc5e5c3a/requests/1aae0402-de7d-4903-a086-629a85d7c1ed/approve\",\"status\":\"200\",\"responseTime\":\"3894.432\"}","timestamp":"2025-02-18T10:51:37.905Z"}
{"level":"\u001b[32minfo\u001b[39m","message":"{\"method\":\"POST\",\"url\":\"/v1/rooms/157d930d-64cf-4d90-900b-bd88fc5e5c3a/requests/1aae0402-de7d-4903-a086-629a85d7c1ed/approve\",\"status\":\"200\",\"responseTime\":\"4028.927\"}","timestamp":"2025-02-18T10:54:13.932Z"}
{"level":"\u001b[32minfo\u001b[39m","message":"{\"method\":\"POST\",\"url\":\"/v1/rooms/157d930d-64cf-4d90-900b-bd88fc5e5c3a/requests/1aae0402-de7d-4903-a086-629a85d7c1ed/approve\",\"status\":\"200\",\"responseTime\":\"1189.382\"}","timestamp":"2025-02-18T10:54:23.166Z"}
{"level":"\u001b[32minfo\u001b[39m","message":"{\"method\":\"POST\",\"url\":\"/v1/rooms/157d930d-64cf-4d90-900b-bd88fc5e5c3a/requests/1aae0402-de7d-4903-a086-629a85d7c1ed/approve\",\"status\":\"400\",\"responseTime\":\"2845.002\"}","timestamp":"2025-02-18T10:54:55.795Z"}
{"level":"\u001b[32minfo\u001b[39m","message":"{\"method\":\"POST\",\"url\":\"/v1/auth/signup\",\"status\":\"201\",\"responseTime\":\"4072.144\"}","timestamp":"2025-02-18T11:11:51.103Z"}
{"level":"\u001b[32minfo\u001b[39m","message":"{\"method\":\"POST\",\"url\":\"/v1/auth/login\",\"status\":\"200\",\"responseTime\":\"826.892\"}","timestamp":"2025-02-18T11:12:13.148Z"}
{"level":"\u001b[32minfo\u001b[39m","message":"{\"method\":\"POST\",\"url\":\"/v1/auth/login\",\"status\":\"200\",\"responseTime\":\"322.850\"}","timestamp":"2025-02-18T11:12:20.639Z"}
{"level":"\u001b[32minfo\u001b[39m","message":"{\"method\":\"POST\",\"url\":\"/v1/rooms/join/157d930d-64cf-4d90-900b-bd88fc5e5c3a\",\"status\":\"200\",\"responseTime\":\"1782.162\"}","timestamp":"2025-02-18T11:12:42.161Z"}
{"level":"\u001b[32minfo\u001b[39m","message":"{\"method\":\"POST\",\"url\":\"/v1/auth/login\",\"status\":\"200\",\"responseTime\":\"565.856\"}","timestamp":"2025-02-18T11:13:06.741Z"}
{"level":"\u001b[32minfo\u001b[39m","message":"{\"method\":\"POST\",\"url\":\"/v1/auth/login\",\"status\":\"200\",\"responseTime\":\"330.565\"}","timestamp":"2025-02-18T11:13:09.411Z"}
{"level":"\u001b[32minfo\u001b[39m","message":"{\"method\":\"GET\",\"url\":\"/v1/rooms/5458e9ca-325b-4e8a-bb36-c9d5e55b0dca\",\"status\":\"200\",\"responseTime\":\"480.577\"}","timestamp":"2025-02-18T11:13:35.096Z"}
{"level":"\u001b[32minfo\u001b[39m","message":"{\"method\":\"POST\",\"url\":\"/v1/auth/signup\",\"status\":\"201\",\"responseTime\":\"780.141\"}","timestamp":"2025-02-18T11:14:53.115Z"}
{"level":"\u001b[32minfo\u001b[39m","message":"{\"method\":\"POST\",\"url\":\"/v1/auth/login\",\"status\":\"200\",\"responseTime\":\"573.141\"}","timestamp":"2025-02-18T11:15:10.662Z"}
{"level":"\u001b[32minfo\u001b[39m","message":"{\"method\":\"POST\",\"url\":\"/v1/rooms/join/157d930d-64cf-4d90-900b-bd88fc5e5c3a\",\"status\":\"200\",\"responseTime\":\"723.392\"}","timestamp":"2025-02-18T11:15:25.307Z"}
{"level":"\u001b[32minfo\u001b[39m","message":"{\"method\":\"GET\",\"url\":\"/v1/rooms/5458e9ca-325b-4e8a-bb36-c9d5e55b0dca\",\"status\":\"200\",\"responseTime\":\"551.244\"}","timestamp":"2025-02-18T11:15:31.812Z"}
{"level":"\u001b[32minfo\u001b[39m","message":"{\"method\":\"GET\",\"url\":\"/v1/rooms/5458e9ca-325b-4e8a-bb36-c9d5e55b0dca\",\"status\":\"200\",\"responseTime\":\"240.662\"}","timestamp":"2025-02-18T11:15:36.477Z"}
{"level":"\u001b[32minfo\u001b[39m","message":"{\"method\":\"GET\",\"url\":\"/v1/rooms/5458e9ca-325b-4e8a-bb36-c9d5e55b0dca\",\"status\":\"200\",\"responseTime\":\"240.762\"}","timestamp":"2025-02-18T11:15:37.762Z"}
{"level":"\u001b[32minfo\u001b[39m","message":"{\"method\":\"GET\",\"url\":\"/v1/rooms/5458e9ca-325b-4e8a-bb36-c9d5e55b0dca\",\"status\":\"200\",\"responseTime\":\"2315.619\"}","timestamp":"2025-02-18T11:17:13.138Z"}
{"level":"\u001b[32minfo\u001b[39m","message":"{\"method\":\"POST\",\"url\":\"/v1/auth/login\",\"status\":\"200\",\"responseTime\":\"831.850\"}","timestamp":"2025-02-18T11:19:35.195Z"}
{"level":"\u001b[32minfo\u001b[39m","message":"{\"method\":\"GET\",\"url\":\"/v1/rooms/5458e9ca-325b-4e8a-bb36-c9d5e55b0dca\",\"status\":\"200\",\"responseTime\":\"249.113\"}","timestamp":"2025-02-18T11:19:45.814Z"}
{"level":"\u001b[32minfo\u001b[39m","message":"{\"method\":\"GET\",\"url\":\"/v1/rooms/5458e9ca-325b-4e8a-bb36-c9d5e55b0dca\",\"status\":\"200\",\"responseTime\":\"4.574\"}","timestamp":"2025-02-18T11:24:59.288Z"}
{"level":"\u001b[32minfo\u001b[39m","message":"{\"method\":\"GET\",\"url\":\"/v1/rooms/5458e9ca-325b-4e8a-bb36-c9d5e55b0dca\",\"status\":\"200\",\"responseTime\":\"2185.647\"}","timestamp":"2025-02-18T11:25:31.273Z"}
{"level":"\u001b[32minfo\u001b[39m","message":"{\"method\":\"GET\",\"url\":\"/v1/rooms/5458e9ca-325b-4e8a-bb36-c9d5e55b0dca\",\"status\":\"200\",\"responseTime\":\"2192.519\"}","timestamp":"2025-02-18T11:25:50.072Z"}
{"level":"\u001b[32minfo\u001b[39m","message":"{\"method\":\"POST\",\"url\":\"/v1/auth/login\",\"status\":\"200\",\"responseTime\":\"790.153\"}","timestamp":"2025-02-18T11:29:39.381Z"}
{"level":"\u001b[32minfo\u001b[39m","message":"{\"method\":\"GET\",\"url\":\"/v1/rooms/5458e9ca-325b-4e8a-bb36-c9d5e55b0dca\",\"status\":\"200\",\"responseTime\":\"486.713\"}","timestamp":"2025-02-18T11:30:05.256Z"}
{"level":"\u001b[32minfo\u001b[39m","message":"{\"method\":\"GET\",\"url\":\"/v1/rooms/157d930d-64cf-4d90-900b-bd88fc5e5c3a\",\"status\":\"200\",\"responseTime\":\"2333.622\"}","timestamp":"2025-02-18T11:32:01.411Z"}
{"level":"\u001b[32minfo\u001b[39m","message":"{\"method\":\"GET\",\"url\":\"/v1/rooms/157d930d-64cf-4d90-900b-bd88fc5e5c3a\",\"status\":\"200\",\"responseTime\":\"3912.917\"}","timestamp":"2025-02-18T11:38:08.277Z"}
{"level":"\u001b[32minfo\u001b[39m","message":"{\"method\":\"GET\",\"url\":\"/v1/rooms/157d930d-64cf-4d90-900b-bd88fc5e5c3a\",\"status\":\"200\",\"responseTime\":\"3740.530\"}","timestamp":"2025-02-18T16:12:09.566Z"}
{"level":"\u001b[32minfo\u001b[39m","message":"{\"method\":\"GET\",\"url\":\"/v1/rooms/157d930d-64cf-4d90-900b-bd88fc5e5c3a\",\"status\":\"200\",\"responseTime\":\"2153.140\"}","timestamp":"2025-02-18T16:17:00.511Z"}
{"level":"\u001b[32minfo\u001b[39m","message":"{\"method\":\"GET\",\"url\":\"/v1/rooms/157d930d-64cf-4d90-900b-bd88fc5e5c3a\",\"status\":\"404\",\"responseTime\":\"3.791\"}","timestamp":"2025-02-18T16:18:12.653Z"}
{"level":"\u001b[32minfo\u001b[39m","message":"{\"method\":\"GET\",\"url\":\"/v1/rooms/157d930d-64cf-4d90-900b-bd88fc5e5c3a\",\"status\":\"404\",\"responseTime\":\"0.851\"}","timestamp":"2025-02-18T16:18:15.293Z"}
{"level":"\u001b[32minfo\u001b[39m","message":"{\"method\":\"GET\",\"url\":\"/v1/rooms/157d930d-64cf-4d90-900b-bd88fc5e5c3a\",\"status\":\"404\",\"responseTime\":\"0.392\"}","timestamp":"2025-02-18T16:18:16.798Z"}
{"level":"\u001b[32minfo\u001b[39m","message":"{\"method\":\"GET\",\"url\":\"/v1/rooms/157d930d-64cf-4d90-900b-bd88fc5e5c3a/requests\",\"status\":\"200\",\"responseTime\":\"2833.637\"}","timestamp":"2025-02-18T16:18:36.615Z"}
{"level":"\u001b[32minfo\u001b[39m","message":"{\"method\":\"POST\",\"url\":\"/v1/auth/login\",\"status\":\"200\",\"responseTime\":\"3628.991\"}","timestamp":"2025-02-18T16:39:36.314Z"}
{"level":"\u001b[32minfo\u001b[39m","message":"{\"method\":\"POST\",\"url\":\"/v1/rooms/157d930d-64cf-4d90-900b-bd88fc5e5c3a/requests/77297a3a-5c33-4f43-93d7-7946ed1533ec/reject\",\"status\":\"400\",\"responseTime\":\"1473.116\"}","timestamp":"2025-02-18T16:39:53.819Z"}
{"level":"\u001b[32minfo\u001b[39m","message":"{\"method\":\"POST\",\"url\":\"/v1/rooms/157d930d-64cf-4d90-900b-bd88fc5e5c3a/requests/77297a3a-5c33-4f43-93d7-7946ed1533ec/reject\",\"status\":\"400\",\"responseTime\":\"2850.553\"}","timestamp":"2025-02-18T16:40:45.583Z"}
{"level":"\u001b[32minfo\u001b[39m","message":"{\"method\":\"POST\",\"url\":\"/v1/rooms/157d930d-64cf-4d90-900b-bd88fc5e5c3a/requests/77297a3a-5c33-4f43-93d7-7946ed1533ec/reject\",\"status\":\"200\",\"responseTime\":\"3118.546\"}","timestamp":"2025-02-18T16:41:27.100Z"}
{"level":"\u001b[32minfo\u001b[39m","message":"{\"method\":\"GET\",\"url\":\"/v1/rooms/157d930d-64cf-4d90-900b-bd88fc5e5c3a/requests\",\"status\":\"200\",\"responseTime\":\"720.275\"}","timestamp":"2025-02-18T16:41:36.964Z"}
{"level":"\u001b[32minfo\u001b[39m","message":"{\"method\":\"POST\",\"url\":\"/v1/rooms/157d930d-64cf-4d90-900b-bd88fc5e5c3a/members/688e3aff-dbb8-4119-b85b-2be2ff660607/approve\",\"status\":\"404\",\"responseTime\":\"2.565\"}","timestamp":"2025-02-18T16:59:45.536Z"}
{"level":"\u001b[32minfo\u001b[39m","message":"{\"method\":\"POST\",\"url\":\"/v1/rooms/157d930d-64cf-4d90-900b-bd88fc5e5c3a/members/688e3aff-dbb8-4119-b85b-2be2ff660607/approve\",\"status\":\"404\",\"responseTime\":\"0.957\"}","timestamp":"2025-02-18T16:59:47.786Z"}
{"level":"\u001b[32minfo\u001b[39m","message":"{\"method\":\"POST\",\"url\":\"/v1/rooms/157d930d-64cf-4d90-900b-bd88fc5e5c3a/members/688e3aff-dbb8-4119-b85b-2be2ff660607/approve\",\"status\":\"404\",\"responseTime\":\"0.379\"}","timestamp":"2025-02-18T16:59:48.739Z"}
{"level":"\u001b[32minfo\u001b[39m","message":"{\"method\":\"POST\",\"url\":\"/v1/rooms/157d930d-64cf-4d90-900b-bd88fc5e5c3a/members/688e3aff-dbb8-4119-b85b-2be2ff660607/approve\",\"status\":\"404\",\"responseTime\":\"0.508\"}","timestamp":"2025-02-18T16:59:49.515Z"}
{"level":"\u001b[32minfo\u001b[39m","message":"{\"method\":\"POST\",\"url\":\"/v1/rooms/157d930d-64cf-4d90-900b-bd88fc5e5c3a/members/688e3aff-dbb8-4119-b85b-2be2ff660607/approve\",\"status\":\"404\",\"responseTime\":\"0.370\"}","timestamp":"2025-02-18T16:59:50.290Z"}
{"level":"\u001b[32minfo\u001b[39m","message":"{\"method\":\"POST\",\"url\":\"/v1/rooms/157d930d-64cf-4d90-900b-bd88fc5e5c3a/members/688e3aff-dbb8-4119-b85b-2be2ff660607/promote\",\"status\":\"400\",\"responseTime\":\"2307.169\"}","timestamp":"2025-02-18T17:00:53.852Z"}
{"level":"\u001b[32minfo\u001b[39m","message":"{\"method\":\"POST\",\"url\":\"/v1/rooms/157d930d-64cf-4d90-900b-bd88fc5e5c3a/members/688e3aff-dbb8-4119-b85b-2be2ff660607/promote\",\"status\":\"500\",\"responseTime\":\"977.376\"}","timestamp":"2025-02-18T17:01:13.357Z"}
{"level":"\u001b[32minfo\u001b[39m","message":"{\"method\":\"POST\",\"url\":\"/v1/rooms/157d930d-64cf-4d90-900b-bd88fc5e5c3a/members/688e3aff-dbb8-4119-b85b-2be2ff660607/promote\",\"status\":\"500\",\"responseTime\":\"568.897\"}","timestamp":"2025-02-18T17:01:17.332Z"}
{"level":"\u001b[32minfo\u001b[39m","message":"{\"method\":\"POST\",\"url\":\"/v1/rooms/157d930d-64cf-4d90-900b-bd88fc5e5c3a/members/688e3aff-dbb8-4119-b85b-2be2ff660607/promote\",\"status\":\"500\",\"responseTime\":\"486.897\"}","timestamp":"2025-02-18T17:02:12.378Z"}
{"level":"\u001b[32minfo\u001b[39m","message":"{\"method\":\"POST\",\"url\":\"/v1/rooms/157d930d-64cf-4d90-900b-bd88fc5e5c3a/members/688e3aff-dbb8-4119-b85b-2be2ff660607/promote\",\"status\":\"500\",\"responseTime\":\"2690.119\"}","timestamp":"2025-02-18T17:04:43.093Z"}
{"level":"\u001b[32minfo\u001b[39m","message":"{\"method\":\"POST\",\"url\":\"/v1/rooms/157d930d-64cf-4d90-900b-bd88fc5e5c3a/members/688e3aff-dbb8-4119-b85b-2be2ff660607/promote\",\"status\":\"200\",\"responseTime\":\"3205.612\"}","timestamp":"2025-02-18T17:07:14.826Z"}
{"level":"\u001b[32minfo\u001b[39m","message":"{\"method\":\"POST\",\"url\":\"/v1/rooms/157d930d-64cf-4d90-900b-bd88fc5e5c3a/members/69d7927e-8b1c-4a2f-91e2-86528594afae/promote\",\"status\":\"403\",\"responseTime\":\"2208.385\"}","timestamp":"2025-02-18T17:08:42.331Z"}
{"level":"\u001b[32minfo\u001b[39m","message":"{\"method\":\"POST\",\"url\":\"/v1/rooms/157d930d-64cf-4d90-900b-bd88fc5e5c3a/members/1a018ab1-ab34-4275-b9fc-27adb92bfda6/promote\",\"status\":\"403\",\"responseTime\":\"491.733\"}","timestamp":"2025-02-18T17:09:17.420Z"}
{"level":"\u001b[32minfo\u001b[39m","message":"{\"method\":\"POST\",\"url\":\"/v1/rooms/157d930d-64cf-4d90-900b-bd88fc5e5c3a/members/688e3aff-dbb8-4119-b85b-2be2ff660607/promote\",\"status\":\"403\",\"responseTime\":\"2129.818\"}","timestamp":"2025-02-18T17:09:51.380Z"}
{"level":"\u001b[32minfo\u001b[39m","message":"{\"method\":\"POST\",\"url\":\"/v1/rooms/157d930d-64cf-4d90-900b-bd88fc5e5c3a/members/688e3aff-dbb8-4119-b85b-2be2ff660607/promote\",\"status\":\"403\",\"responseTime\":\"238.357\"}","timestamp":"2025-02-18T17:10:00.258Z"}
{"level":"\u001b[32minfo\u001b[39m","message":"{\"method\":\"POST\",\"url\":\"/v1/rooms/157d930d-64cf-4d90-900b-bd88fc5e5c3a/members/688e3aff-dbb8-4119-b85b-2be2ff660607/promote\",\"status\":\"403\",\"responseTime\":\"470.497\"}","timestamp":"2025-02-18T17:10:21.374Z"}
{"level":"\u001b[32minfo\u001b[39m","message":"{\"method\":\"POST\",\"url\":\"/v1/rooms/157d930d-64cf-4d90-900b-bd88fc5e5c3a/members/688e3aff-dbb8-4119-b85b-2be2ff660607/promote\",\"status\":\"403\",\"responseTime\":\"3495.379\"}","timestamp":"2025-02-18T17:24:09.945Z"}
{"level":"\u001b[32minfo\u001b[39m","message":"{\"method\":\"POST\",\"url\":\"/v1/rooms/157d930d-64cf-4d90-900b-bd88fc5e5c3a/members/688e3aff-dbb8-4119-b85b-2be2ff660607\",\"status\":\"404\",\"responseTime\":\"2.513\"}","timestamp":"2025-02-18T17:29:20.682Z"}
{"level":"\u001b[32minfo\u001b[39m","message":"{\"method\":\"DELETE\",\"url\":\"/v1/rooms/157d930d-64cf-4d90-900b-bd88fc5e5c3a/members/688e3aff-dbb8-4119-b85b-2be2ff660607\",\"status\":\"403\",\"responseTime\":\"3550.777\"}","timestamp":"2025-02-18T17:29:57.062Z"}
{"level":"\u001b[32minfo\u001b[39m","message":"{\"method\":\"DELETE\",\"url\":\"/v1/rooms/157d930d-64cf-4d90-900b-bd88fc5e5c3a/members/688e3aff-dbb8-4119-b85b-2be2ff660607\",\"status\":\"403\",\"responseTime\":\"471.650\"}","timestamp":"2025-02-18T17:30:40.628Z"}
{"level":"\u001b[32minfo\u001b[39m","message":"{\"method\":\"DELETE\",\"url\":\"/v1/rooms/157d930d-64cf-4d90-900b-bd88fc5e5c3a/members/688e3aff-dbb8-4119-b85b-2be2ff660607\",\"status\":\"403\",\"responseTime\":\"236.844\"}","timestamp":"2025-02-18T17:30:43.827Z"}
{"level":"\u001b[32minfo\u001b[39m","message":"{\"method\":\"POST\",\"url\":\"/v1/rooms/create\",\"status\":\"201\",\"responseTime\":\"2947.718\"}","timestamp":"2025-02-18T17:34:05.516Z"}
{"level":"\u001b[32minfo\u001b[39m","message":"{\"method\":\"POST\",\"url\":\"/v1/auth/login\",\"status\":\"200\",\"responseTime\":\"2223.036\"}","timestamp":"2025-02-18T17:35:29.896Z"}
{"level":"\u001b[32minfo\u001b[39m","message":"{\"method\":\"POST\",\"url\":\"/v1/rooms/join/232f8835-c4e0-475d-bab1-ea7fc84d5e43\",\"status\":\"200\",\"responseTime\":\"1653.593\"}","timestamp":"2025-02-18T17:36:26.869Z"}
{"level":"\u001b[32minfo\u001b[39m","message":"{\"method\":\"GET\",\"url\":\"/v1/rooms/232f8835-c4e0-475d-bab1-ea7fc84d5e43/requests\",\"status\":\"200\",\"responseTime\":\"1176.511\"}","timestamp":"2025-02-18T17:36:43.717Z"}
{"level":"\u001b[32minfo\u001b[39m","message":"{\"method\":\"POST\",\"url\":\"/v1/rooms/232f8835-c4e0-475d-bab1-ea7fc84d5e43/requests/3d8fcb4d-415a-4818-a93a-d8fa0e41d3a6/approve\",\"status\":\"200\",\"responseTime\":\"1412.959\"}","timestamp":"2025-02-18T17:39:06.536Z"}
{"level":"\u001b[32minfo\u001b[39m","message":"{\"method\":\"POST\",\"url\":\"/v1/rooms/create\",\"status\":\"201\",\"responseTime\":\"5070.211\"}","timestamp":"2025-02-19T05:43:46.253Z"}
{"level":"\u001b[32minfo\u001b[39m","message":"{\"method\":\"GET\",\"url\":\"/v1/rooms/ed3f28e1-bff5-4ac1-9e2d-34531208c59c/requests\",\"status\":\"200\",\"responseTime\":\"1258.524\"}","timestamp":"2025-02-19T05:44:14.479Z"}
{"level":"\u001b[32minfo\u001b[39m","message":"{\"method\":\"POST\",\"url\":\"/v1/rooms/join/ed3f28e1-bff5-4ac1-9e2d-34531208c59c\",\"status\":\"200\",\"responseTime\":\"1647.421\"}","timestamp":"2025-02-19T05:44:31.036Z"}
{"level":"\u001b[32minfo\u001b[39m","message":"{\"method\":\"GET\",\"url\":\"/v1/rooms/ed3f28e1-bff5-4ac1-9e2d-34531208c59c/requests\",\"status\":\"200\",\"responseTime\":\"498.929\"}","timestamp":"2025-02-19T05:44:35.813Z"}
{"level":"\u001b[32minfo\u001b[39m","message":"{\"method\":\"POST\",\"url\":\"/v1/rooms/ed3f28e1-bff5-4ac1-9e2d-34531208c59c/requests/6b386d00-c176-4147-b042-5521d6540a5c/approve\",\"status\":\"200\",\"responseTime\":\"1864.072\"}","timestamp":"2025-02-19T05:46:55.357Z"}
{"level":"\u001b[32minfo\u001b[39m","message":"{\"method\":\"POST\",\"url\":\"/v1/rooms/ed3f28e1-bff5-4ac1-9e2d-34531208c59c/members/dd271918-c963-4190-bdff-2ecb28501db1/promote\",\"status\":\"404\",\"responseTime\":\"3294.321\"}","timestamp":"2025-02-19T05:50:11.351Z"}
{"level":"\u001b[32minfo\u001b[39m","message":"{\"method\":\"POST\",\"url\":\"/v1/rooms/ed3f28e1-bff5-4ac1-9e2d-34531208c59c/members/dd271918-c963-4190-bdff-2ecb28501db1/promote\",\"status\":\"404\",\"responseTime\":\"4574.565\"}","timestamp":"2025-02-19T05:59:52.142Z"}
{"level":"\u001b[32minfo\u001b[39m","message":"{\"method\":\"POST\",\"url\":\"/v1/rooms/members/dd271918-c963-4190-bdff-2ecb28501db1/promote\",\"status\":\"404\",\"responseTime\":\"2337.385\"}","timestamp":"2025-02-19T06:03:28.075Z"}
{"level":"\u001b[32minfo\u001b[39m","message":"{\"method\":\"POST\",\"url\":\"/v1/rooms/members/dd271918-c963-4190-bdff-2ecb28501db1/promote\",\"status\":\"200\",\"responseTime\":\"3211.442\"}","timestamp":"2025-02-19T06:04:20.309Z"}
{"level":"\u001b[32minfo\u001b[39m","message":"{\"method\":\"POST\",\"url\":\"/v1/rooms/members/dd271918-c963-4190-bdff-2ecb28501db1/promote\",\"status\":\"200\",\"responseTime\":\"1003.696\"}","timestamp":"2025-02-19T06:04:54.502Z"}
{"level":"\u001b[32minfo\u001b[39m","message":"{\"method\":\"POST\",\"url\":\"/v1/rooms/members/dd271918-c963-4190-bdff-2ecb28501db1/promote\",\"status\":\"200\",\"responseTime\":\"940.288\"}","timestamp":"2025-02-19T06:05:35.290Z"}
{"level":"\u001b[32minfo\u001b[39m","message":"{\"method\":\"DELETE\",\"url\":\"/v1/rooms/members/dd271918-c963-4190-bdff-2ecb28501db1\",\"status\":\"200\",\"responseTime\":\"3198.119\"}","timestamp":"2025-02-19T06:08:05.923Z"}
{"level":"\u001b[32minfo\u001b[39m","message":"{\"method\":\"POST\",\"url\":\"/v1/rooms/join/ed3f28e1-bff5-4ac1-9e2d-34531208c59c\",\"status\":\"200\",\"responseTime\":\"1700.691\"}","timestamp":"2025-02-19T06:11:44.422Z"}
{"level":"\u001b[32minfo\u001b[39m","message":"{\"method\":\"GET\",\"url\":\"/v1/rooms/ed3f28e1-bff5-4ac1-9e2d-34531208c59c/requests\",\"status\":\"200\",\"responseTime\":\"1021.780\"}","timestamp":"2025-02-19T06:11:50.544Z"}
{"level":"\u001b[32minfo\u001b[39m","message":"{\"method\":\"POST\",\"url\":\"/v1/rooms/ed3f28e1-bff5-4ac1-9e2d-34531208c59c/requests/4e083437-3531-445d-ab9c-d72fa9281c53/approve\",\"status\":\"200\",\"responseTime\":\"1472.055\"}","timestamp":"2025-02-19T06:13:04.533Z"}
{"level":"\u001b[32minfo\u001b[39m","message":"{\"method\":\"GET\",\"url\":\"/v1/rooms/ed3f28e1-bff5-4ac1-9e2d-34531208c59c/members\",\"status\":\"200\",\"responseTime\":\"3272.377\"}","timestamp":"2025-02-19T06:20:19.543Z"}
{"level":"\u001b[32minfo\u001b[39m","message":"{\"method\":\"GET\",\"url\":\"/v1/rooms/ed3f28e1-bff5-4ac1-9e2d-34531208c59c/members\",\"status\":\"200\",\"responseTime\":\"2449.870\"}","timestamp":"2025-02-19T06:21:45.689Z"}
{"level":"\u001b[32minfo\u001b[39m","message":"{\"method\":\"GET\",\"url\":\"/v1/rooms/ed3f28e1-bff5-4ac1-9e2d-34531208c59c/members\",\"status\":\"200\",\"responseTime\":\"2860.235\"}","timestamp":"2025-02-19T06:22:40.246Z"}
{"level":"\u001b[32minfo\u001b[39m","message":"{\"method\":\"POST\",\"url\":\"/v1/rooms/members/dbc5a42b-7e37-4a66-9c33-204d279c9240/promote\",\"status\":\"200\",\"responseTime\":\"1797.169\"}","timestamp":"2025-02-19T06:24:03.096Z"}
{"level":"\u001b[32minfo\u001b[39m","message":"{\"method\":\"GET\",\"url\":\"/v1/rooms/ed3f28e1-bff5-4ac1-9e2d-34531208c59c/members\",\"status\":\"200\",\"responseTime\":\"514.742\"}","timestamp":"2025-02-19T06:24:07.397Z"}
{"level":"\u001b[32minfo\u001b[39m","message":"{\"method\":\"GET\",\"url\":\"/v1/rooms/ed3f28e1-bff5-4ac1-9e2d-34531208c59c/members\",\"status\":\"200\",\"responseTime\":\"495.770\"}","timestamp":"2025-02-19T06:24:10.827Z"}
{"level":"\u001b[32minfo\u001b[39m","message":"{\"method\":\"GET\",\"url\":\"/v1/rooms/ed3f28e1-bff5-4ac1-9e2d-34531208c59c/members\",\"status\":\"200\",\"responseTime\":\"798.049\"}","timestamp":"2025-02-19T06:24:22.387Z"}
{"level":"\u001b[32minfo\u001b[39m","message":"{\"method\":\"GET\",\"url\":\"/v1/rooms/ed3f28e1-bff5-4ac1-9e2d-34531208c59c/members\",\"status\":\"200\",\"responseTime\":\"758.516\"}","timestamp":"2025-02-19T06:25:17.195Z"}
{"level":"\u001b[32minfo\u001b[39m","message":"{\"method\":\"POST\",\"url\":\"/v1/rooms/members/9062ea5d-f814-46fd-801f-9422bf25b054/promote\",\"status\":\"200\",\"responseTime\":\"1044.091\"}","timestamp":"2025-02-19T06:27:16.160Z"}
{"level":"\u001b[32minfo\u001b[39m","message":"{\"method\":\"GET\",\"url\":\"/v1/rooms/ed3f28e1-bff5-4ac1-9e2d-34531208c59c/members\",\"status\":\"200\",\"responseTime\":\"475.257\"}","timestamp":"2025-02-19T06:27:20.389Z"}
{"level":"\u001b[32minfo\u001b[39m","message":"{\"method\":\"POST\",\"url\":\"/v1/rooms/ed3f28e1-bff5-4ac1-9e2d-34531208c59c/messages\",\"status\":\"200\",\"responseTime\":\"4151.792\"}","timestamp":"2025-02-19T07:48:50.677Z"}
{"level":"\u001b[32minfo\u001b[39m","message":"{\"method\":\"POST\",\"url\":\"/v1/rooms/ed3f28e1-bff5-4ac1-9e2d-34531208c59c/messages\",\"status\":\"200\",\"responseTime\":\"3588.431\"}","timestamp":"2025-02-19T07:51:31.908Z"}
{"level":"\u001b[32minfo\u001b[39m","message":"{\"method\":\"GET\",\"url\":\"/v1/rooms/ed3f28e1-bff5-4ac1-9e2d-34531208c59c/messages\",\"status\":\"200\",\"responseTime\":\"2726.986\"}","timestamp":"2025-02-19T07:56:21.912Z"}
